0 info it worked if it ends with ok
1 verbose cli [ '/Users/urmas/.nvm/v5.7.1/bin/node',
1 verbose cli   '/Users/urmas/.nvm/v5.7.1/bin/npm',
1 verbose cli   'start' ]
2 info using npm@3.6.0
3 info using node@v5.7.1
4 verbose run-script [ 'prestart', 'start', 'poststart' ]
5 info lifecycle javascript@~prestart: javascript@
6 silly lifecycle javascript@~prestart: no script for prestart, continuing
7 info lifecycle javascript@~start: javascript@
8 verbose lifecycle javascript@~start: unsafe-perm in lifecycle true
9 verbose lifecycle javascript@~start: PATH: /Users/urmas/.nvm/v5.7.1/lib/node_modules/npm/bin/node-gyp-bin:/Users/urmas/Personal/Code/interactive_frontend_development/lecture_6/websocket-basics/node_modules/.bin:/Users/urmas/.rvm/gems/ruby-2.2.4/bin:/Users/urmas/.rvm/gems/ruby-2.2.4@global/bin:/Users/urmas/.rvm/rubies/ruby-2.2.4/bin:/Users/urmas/ws:/usr/local/bin:/Users/urmas/.nvm/v5.7.1/bin:/usr/bin:/bin:/usr/sbin:/sbin:/usr/local/bin:/opt/X11/bin:/Users/urmas/scripts:/usr/local/sbin:/Library/Java/JavaVirtualMachines/jdk1.8.0_05.jdk/Contents/Home/bin:/Applications/Postgres.app/Contents/Versions/9.3/bin:/Users/urmas/myws/git-hooks:/Users/urmas/.cabal/bin:/Users/urmas/Library/Haskell/bin:/Users/urmas/.rvm/bin
10 verbose lifecycle javascript@~start: CWD: /Users/urmas/Personal/Code/interactive_frontend_development/lecture_6/websocket-basics
11 silly lifecycle javascript@~start: Args: [ '-c', 'node server.js' ]
12 silly lifecycle javascript@~start: Returned: code: 1  signal: null
13 info lifecycle javascript@~start: Failed to exec start script
14 verbose stack Error: javascript@ start: `node server.js`
14 verbose stack Exit status 1
14 verbose stack     at EventEmitter.<anonymous> (/Users/urmas/.nvm/v5.7.1/lib/node_modules/npm/lib/utils/lifecycle.js:232:16)
14 verbose stack     at emitTwo (events.js:100:13)
14 verbose stack     at EventEmitter.emit (events.js:185:7)
14 verbose stack     at ChildProcess.<anonymous> (/Users/urmas/.nvm/v5.7.1/lib/node_modules/npm/lib/utils/spawn.js:24:14)
14 verbose stack     at emitTwo (events.js:100:13)
14 verbose stack     at ChildProcess.emit (events.js:185:7)
14 verbose stack     at maybeClose (internal/child_process.js:827:16)
14 verbose stack     at Process.ChildProcess._handle.onexit (internal/child_process.js:211:5)
15 verbose pkgid javascript@
16 verbose cwd /Users/urmas/Personal/Code/interactive_frontend_development/lecture_6/websocket-basics
17 error Darwin 14.5.0
18 error argv "/Users/urmas/.nvm/v5.7.1/bin/node" "/Users/urmas/.nvm/v5.7.1/bin/npm" "start"
19 error node v5.7.1
20 error npm  v3.6.0
21 error code ELIFECYCLE
22 error javascript@ start: `node server.js`
22 error Exit status 1
23 error Failed at the javascript@ start script 'node server.js'.
23 error Make sure you have the latest version of node.js and npm installed.
23 error If you do, this is most likely a problem with the javascript package,
23 error not with npm itself.
23 error Tell the author that this fails on your system:
23 error     node server.js
23 error You can get information on how to open an issue for this project with:
23 error     npm bugs javascript
23 error Or if that isn't available, you can get their info via:
23 error     npm owner ls javascript
23 error There is likely additional logging output above.
24 verbose exit [ 1, true ]
